<?xml version="1.0" encoding="UTF-8"?>
<!-- Generated by org.testng.reporters.JUnitReportReporter -->
<testsuite hostname="DESKTOP-UO1OTNH" failures="0" tests="2" name="TestCases.LoginTest" time="10.885" errors="0" timestamp="2025-02-21T14:57:35 IST" skipped="0">
  <testcase classname="TestCases.LoginTest" name="LoginFun" time="4.306"/>
  <system-out>
    <![CDATA[Url login successfully!]]>
  </system-out>
  <testcase classname="TestCases.LoginTest" name="LoginFun" time="6.579"/>
  <system-out>
    <![CDATA[Url login successfully!]]>
  </system-out>
</testsuite> <!-- TestCases.LoginTest -->
